This is pdfTeX, Version 3.14159265-2.6-1.40.17 (TeX Live 2016) (preloaded format=pdflatex 2016.7.29)  18 DEC 2016 16:10
entering extended mode
 restricted \write18 enabled.
 %&-line parsing enabled.
**outline.tex
(./outline.tex
LaTeX2e <2016/03/31>
Babel <3.9r> and hyphenation patterns for 22 language(s) loaded.
(/usr/local/texlive/2016basic/texmf-dist/tex/latex/base/article.cls
Document Class: article 2014/09/29 v1.4h Standard LaTeX document class
(/usr/local/texlive/2016basic/texmf-dist/tex/latex/base/size12.clo
File: size12.clo 2014/09/29 v1.4h Standard LaTeX file (size option)
)
\c@part=\count79
\c@section=\count80
\c@subsection=\count81
\c@subsubsection=\count82
\c@paragraph=\count83
\c@subparagraph=\count84
\c@figure=\count85
\c@table=\count86
\abovecaptionskip=\skip41
\belowcaptionskip=\skip42
\bibindent=\dimen102
)
(/usr/local/texlive/2016basic/texmf-dist/tex/latex/algorithmicx/algorithmicx.st
y
Package: algorithmicx 2005/04/27 v1.2 Algorithmicx
 (/usr/local/texlive/2016basic/texmf-dist/tex/latex/base/ifthen.sty
Package: ifthen 2014/09/29 v1.1c Standard LaTeX ifthen package (DPC)
)
Document Style algorithmicx 1.2 - a greatly improved `algorithmic' style
\c@ALG@line=\count87
\c@ALG@rem=\count88
\c@ALG@nested=\count89
\ALG@tlm=\skip43
\ALG@thistlm=\skip44
\c@ALG@Lnr=\count90
\c@ALG@blocknr=\count91
\c@ALG@storecount=\count92
\c@ALG@tmpcounter=\count93
\ALG@tmplength=\skip45
) (./algorithm.sty
Package: algorithm 

Document Style `algorithm' - floating environment
(/usr/local/texlive/2016basic/texmf-dist/tex/latex/float/float.sty
Package: float 2001/11/08 v1.3d Float enhancements (AL)
\c@float@type=\count94
\float@exts=\toks14
\float@box=\box26
\@float@everytoks=\toks15
\@floatcapt=\box27
)
\@float@every@algorithm=\toks16
\c@algorithm=\count95
)
(./algpseudocode.sty
Package: algpseudocode 

Document Style - pseudocode environments for use with the `algorithmicx' style
) (./algpascal.sty
Package: algpascal 

Document Style - pascal environments for the `algorithmicx' style
) (./algc.sty
Package: algc 

Document Style - c/c++ environments for use with the `algorithmicx' style
) (/usr/local/texlive/2016basic/texmf-dist/tex/latex/url/url.sty
\Urlmuskip=\muskip10
Package: url 2013/09/16  ver 3.4  Verb mode for urls, etc.
)
(/usr/local/texlive/2016basic/texmf-dist/tex/latex/tools/enumerate.sty
Package: enumerate 2015/07/23 v3.00 enumerate extensions (DPC)
\@enLab=\toks17
)
(/usr/local/texlive/2016basic/texmf-dist/tex/latex/amsfonts/amssymb.sty
Package: amssymb 2013/01/14 v3.01 AMS font symbols

(/usr/local/texlive/2016basic/texmf-dist/tex/latex/amsfonts/amsfonts.sty
Package: amsfonts 2013/01/14 v3.01 Basic AMSFonts support
\@emptytoks=\toks18
\symAMSa=\mathgroup4
\symAMSb=\mathgroup5
LaTeX Font Info:    Overwriting math alphabet `\mathfrak' in version `bold'
(Font)                  U/euf/m/n --> U/euf/b/n on input line 106.
))
(/usr/local/texlive/2016basic/texmf-dist/tex/latex/anysize/anysize.sty
Package: anysize 1994/08/13 setting margin sizes

document style option `anysize' loaded
Michael Salzenberg, Thomas Esser, Dirk Hillbrecht
Version 1.0, Aug 13, 1994
\@Leftmargin=\dimen103
\@Rightmargin=\dimen104
\@Topmargin=\dimen105
\@Bottommargin=\dimen106
) (/usr/local/texlive/2016basic/texmf-dist/tex/latex/booktabs/booktabs.sty
Package: booktabs 2016/04/27 v1.618033 publication quality tables
\heavyrulewidth=\dimen107
\lightrulewidth=\dimen108
\cmidrulewidth=\dimen109
\belowrulesep=\dimen110
\belowbottomsep=\dimen111
\aboverulesep=\dimen112
\abovetopsep=\dimen113
\cmidrulesep=\dimen114
\cmidrulekern=\dimen115
\defaultaddspace=\dimen116
\@cmidla=\count96
\@cmidlb=\count97
\@aboverulesep=\dimen117
\@belowrulesep=\dimen118
\@thisruleclass=\count98
\@lastruleclass=\count99
\@thisrulewidth=\dimen119
)
(/usr/local/texlive/2016basic/texmf-dist/tex/latex/hyperref/hyperref.sty
Package: hyperref 2016/05/05 v6.83n Hypertext links for LaTeX

(/usr/local/texlive/2016basic/texmf-dist/tex/generic/oberdiek/hobsub-hyperref.s
ty
Package: hobsub-hyperref 2016/05/16 v1.14 Bundle oberdiek, subset hyperref (HO)


(/usr/local/texlive/2016basic/texmf-dist/tex/generic/oberdiek/hobsub-generic.st
y
Package: hobsub-generic 2016/05/16 v1.14 Bundle oberdiek, subset generic (HO)
Package: hobsub 2016/05/16 v1.14 Construct package bundles (HO)
Package: infwarerr 2016/05/16 v1.4 Providing info/warning/error messages (HO)
Package: ltxcmds 2016/05/16 v1.23 LaTeX kernel commands for general use (HO)
Package: ifluatex 2016/05/16 v1.4 Provides the ifluatex switch (HO)
Package ifluatex Info: LuaTeX not detected.
Package: ifvtex 2016/05/16 v1.6 Detect VTeX and its facilities (HO)
Package ifvtex Info: VTeX not detected.
Package: intcalc 2016/05/16 v1.2 Expandable calculations with integers (HO)
Package: ifpdf 2016/05/14 v3.1 Provides the ifpdf switch
Package: etexcmds 2016/05/16 v1.6 Avoid name clashes with e-TeX commands (HO)
Package etexcmds Info: Could not find \expanded.
(etexcmds)             That can mean that you are not using pdfTeX 1.50 or
(etexcmds)             that some package has redefined \expanded.
(etexcmds)             In the latter case, load this package earlier.
Package: kvsetkeys 2016/05/16 v1.17 Key value parser (HO)
Package: kvdefinekeys 2016/05/16 v1.4 Define keys (HO)
Package: pdftexcmds 2016/05/10 v0.21 Utility functions of pdfTeX for LuaTeX (HO
)
Package pdftexcmds Info: LuaTeX not detected.
Package pdftexcmds Info: \pdf@primitive is available.
Package pdftexcmds Info: \pdf@ifprimitive is available.
Package pdftexcmds Info: \pdfdraftmode found.
Package: pdfescape 2016/05/16 v1.14 Implements pdfTeX's escape features (HO)
Package: bigintcalc 2016/05/16 v1.4 Expandable calculations on big integers (HO
)
Package: bitset 2016/05/16 v1.2 Handle bit-vector datatype (HO)
Package: uniquecounter 2016/05/16 v1.3 Provide unlimited unique counter (HO)
)
Package hobsub Info: Skipping package `hobsub' (already loaded).
Package: letltxmacro 2016/05/16 v1.5 Let assignment for LaTeX macros (HO)
Package: hopatch 2016/05/16 v1.3 Wrapper for package hooks (HO)
Package: xcolor-patch 2016/05/16 xcolor patch
Package: atveryend 2016/05/16 v1.9 Hooks at the very end of document (HO)
Package atveryend Info: \enddocument detected (standard20110627).
Package: atbegshi 2016/05/16 v1.17 At begin shipout hook (HO)
Package: refcount 2016/05/16 v3.5 Data extraction from label references (HO)
Package: hycolor 2016/05/16 v1.8 Color options for hyperref/bookmark (HO)
) (/usr/local/texlive/2016basic/texmf-dist/tex/latex/graphics/keyval.sty
Package: keyval 2014/10/28 v1.15 key=value parser (DPC)
\KV@toks@=\toks19
)
(/usr/local/texlive/2016basic/texmf-dist/tex/generic/ifxetex/ifxetex.sty
Package: ifxetex 2010/09/12 v0.6 Provides ifxetex conditional
)
(/usr/local/texlive/2016basic/texmf-dist/tex/latex/oberdiek/auxhook.sty
Package: auxhook 2016/05/16 v1.4 Hooks for auxiliary files (HO)
)
(/usr/local/texlive/2016basic/texmf-dist/tex/latex/oberdiek/kvoptions.sty
Package: kvoptions 2016/05/16 v3.12 Key value format for package options (HO)
)
\@linkdim=\dimen120
\Hy@linkcounter=\count100
\Hy@pagecounter=\count101

(/usr/local/texlive/2016basic/texmf-dist/tex/latex/hyperref/pd1enc.def
File: pd1enc.def 2016/05/05 v6.83n Hyperref: PDFDocEncoding definition (HO)
)
\Hy@SavedSpaceFactor=\count102

(/usr/local/texlive/2016basic/texmf-dist/tex/latex/latexconfig/hyperref.cfg
File: hyperref.cfg 2002/06/06 v1.2 hyperref configuration of TeXLive
)
Package hyperref Info: Option `colorlinks' set `true' on input line 4322.
Package hyperref Info: Hyper figures OFF on input line 4446.
Package hyperref Info: Link nesting OFF on input line 4451.
Package hyperref Info: Hyper index ON on input line 4454.
Package hyperref Info: Plain pages OFF on input line 4461.
Package hyperref Info: Backreferencing OFF on input line 4466.
Package hyperref Info: Implicit mode ON; LaTeX internals redefined.
Package hyperref Info: Bookmarks ON on input line 4691.
\c@Hy@tempcnt=\count103
LaTeX Info: Redefining \url on input line 5044.
\XeTeXLinkMargin=\dimen121
\Fld@menulength=\count104
\Field@Width=\dimen122
\Fld@charsize=\dimen123
Package hyperref Info: Hyper figures OFF on input line 6298.
Package hyperref Info: Link nesting OFF on input line 6303.
Package hyperref Info: Hyper index ON on input line 6306.
Package hyperref Info: backreferencing OFF on input line 6313.
Package hyperref Info: Link coloring ON on input line 6316.
Package hyperref Info: Link coloring with OCG OFF on input line 6323.
Package hyperref Info: PDF/A mode OFF on input line 6328.
LaTeX Info: Redefining \ref on input line 6368.
LaTeX Info: Redefining \pageref on input line 6372.
\Hy@abspage=\count105
\c@Item=\count106
\c@Hfootnote=\count107
)

Package hyperref Message: Driver (autodetected): hpdftex.

(/usr/local/texlive/2016basic/texmf-dist/tex/latex/hyperref/hpdftex.def
File: hpdftex.def 2016/05/05 v6.83n Hyperref driver for pdfTeX
\Fld@listcount=\count108
\c@bookmark@seq@number=\count109

(/usr/local/texlive/2016basic/texmf-dist/tex/latex/oberdiek/rerunfilecheck.sty
Package: rerunfilecheck 2016/05/16 v1.8 Rerun checks for auxiliary files (HO)
Package uniquecounter Info: New unique counter `rerunfilecheck' on input line 2
82.
)
\Hy@SectionHShift=\skip46
) (/usr/local/texlive/2016basic/texmf-dist/tex/latex/setspace/setspace.sty
Package: setspace 2011/12/19 v6.7a set line spacing
)
(/usr/local/texlive/2016basic/texmf-dist/tex/latex/listings/listings.sty
\lst@mode=\count110
\lst@gtempboxa=\box28
\lst@token=\toks20
\lst@length=\count111
\lst@currlwidth=\dimen124
\lst@column=\count112
\lst@pos=\count113
\lst@lostspace=\dimen125
\lst@width=\dimen126
\lst@newlines=\count114
\lst@lineno=\count115
\lst@maxwidth=\dimen127

(/usr/local/texlive/2016basic/texmf-dist/tex/latex/listings/lstmisc.sty
File: lstmisc.sty 2015/06/04 1.6 (Carsten Heinz)
\c@lstnumber=\count116
\lst@skipnumbers=\count117
\lst@framebox=\box29
)
(/usr/local/texlive/2016basic/texmf-dist/tex/latex/listings/listings.cfg
File: listings.cfg 2015/06/04 1.6 listings configuration
))
Package: listings 2015/06/04 1.6 (Carsten Heinz)

(/usr/local/texlive/2016basic/texmf-dist/tex/latex/graphics/graphicx.sty
Package: graphicx 2014/10/28 v1.0g Enhanced LaTeX Graphics (DPC,SPQR)

(/usr/local/texlive/2016basic/texmf-dist/tex/latex/graphics/graphics.sty
Package: graphics 2016/05/09 v1.0r Standard LaTeX Graphics (DPC,SPQR)

(/usr/local/texlive/2016basic/texmf-dist/tex/latex/graphics/trig.sty
Package: trig 2016/01/03 v1.10 sin cos tan (DPC)
)
(/usr/local/texlive/2016basic/texmf-dist/tex/latex/graphics-cfg/graphics.cfg
File: graphics.cfg 2016/01/02 v1.10 sample graphics configuration
)
Package graphics Info: Driver file: dvipdfmx.def on input line 96.

(/usr/local/texlive/2016basic/texmf-dist/tex/latex/dvipdfmx-def/dvipdfmx.def
File: dvipdfmx.def 2016/04/06 v4.08 LaTeX color/graphics driver for dvipdfmx (T
eX Live/ChoF)
))
\Gin@req@height=\dimen128
\Gin@req@width=\dimen129
) (/usr/local/texlive/2016basic/texmf-dist/tex/latex/amsmath/amsmath.sty
Package: amsmath 2016/03/10 v2.15b AMS math features
\@mathmargin=\skip47

For additional information on amsmath, use the `?' option.
(/usr/local/texlive/2016basic/texmf-dist/tex/latex/amsmath/amstext.sty
Package: amstext 2000/06/29 v2.01 AMS text

(/usr/local/texlive/2016basic/texmf-dist/tex/latex/amsmath/amsgen.sty
File: amsgen.sty 1999/11/30 v2.0 generic functions
\@emptytoks=\toks21
\ex@=\dimen130
))
(/usr/local/texlive/2016basic/texmf-dist/tex/latex/amsmath/amsbsy.sty
Package: amsbsy 1999/11/29 v1.2d Bold Symbols
\pmbraise@=\dimen131
)
(/usr/local/texlive/2016basic/texmf-dist/tex/latex/amsmath/amsopn.sty
Package: amsopn 2016/03/08 v2.02 operator names
)
\inf@bad=\count118
LaTeX Info: Redefining \frac on input line 199.
\uproot@=\count119
\leftroot@=\count120
LaTeX Info: Redefining \overline on input line 297.
\classnum@=\count121
\DOTSCASE@=\count122
LaTeX Info: Redefining \ldots on input line 394.
LaTeX Info: Redefining \dots on input line 397.
LaTeX Info: Redefining \cdots on input line 518.
\Mathstrutbox@=\box30
\strutbox@=\box31
\big@size=\dimen132
LaTeX Font Info:    Redeclaring font encoding OML on input line 634.
LaTeX Font Info:    Redeclaring font encoding OMS on input line 635.
\macc@depth=\count123
\c@MaxMatrixCols=\count124
\dotsspace@=\muskip11
\c@parentequation=\count125
\dspbrk@lvl=\count126
\tag@help=\toks22
\row@=\count127
\column@=\count128
\maxfields@=\count129
\andhelp@=\toks23
\eqnshift@=\dimen133
\alignsep@=\dimen134
\tagshift@=\dimen135
\tagwidth@=\dimen136
\totwidth@=\dimen137
\lineht@=\dimen138
\@envbody=\toks24
\multlinegap=\skip48
\multlinetaggap=\skip49
\mathdisplay@stack=\toks25
LaTeX Info: Redefining \[ on input line 2739.
LaTeX Info: Redefining \] on input line 2740.
)
(/usr/local/texlive/2016basic/texmf-dist/tex/latex/psfrag/psfrag.sty
Package: psfrag 1998/04/11 v3.04 PSfrag (MCG)
\pfg@pcount=\count130
\pfg@scount=\count131
\pfg@temp=\write3
)
(/usr/local/texlive/2016basic/texmf-dist/tex/latex/caption/caption.sty
Package: caption 2016/02/21 v3.3-144 Customizing captions (AR)

(/usr/local/texlive/2016basic/texmf-dist/tex/latex/caption/caption3.sty
Package: caption3 2016/02/04 v1.7-139 caption3 kernel (AR)
Package caption3 Info: TeX engine: e-TeX on input line 67.
\captionmargin=\dimen139
\captionmargin@=\dimen140
\captionwidth=\dimen141
\caption@tempdima=\dimen142
\caption@indent=\dimen143
\caption@parindent=\dimen144
\caption@hangindent=\dimen145
)
\c@ContinuedFloat=\count132
Package caption Info: float package is loaded.
Package caption Info: hyperref package is loaded.
Package caption Info: listings package is loaded.
)
(/usr/local/texlive/2016basic/texmf-dist/tex/latex/natbib/natbib.sty
Package: natbib 2010/09/13 8.31b (PWD, AO)
\bibhang=\skip50
\bibsep=\skip51
LaTeX Info: Redefining \cite on input line 694.
\c@NAT@ctr=\count133
)
(/usr/local/texlive/2016basic/texmf-dist/tex/latex/caption/subcaption.sty
Package: subcaption 2016/02/20 v1.1-142 Sub-captions (AR)
\c@subfigure=\count134
\c@subtable=\count135
)
(/usr/local/texlive/2016basic/texmf-dist/tex/latex/sidecap/sidecap.sty
Package: sidecap 2003/06/06 v1.6f SideCap Package (RN/HjG)
\SC@BOXWD=\dimen146
\SC@CAPWD=\dimen147
\SC@tempdima=\dimen148
\SC@tempdimb=\dimen149
\c@SC@C=\count136
\SC@BOX=\box32
)
(./outline.aux)
\openout1 = `outline.aux'.

LaTeX Font Info:    Checking defaults for OML/cmm/m/it on input line 23.
LaTeX Font Info:    ... okay on input line 23.
LaTeX Font Info:    Checking defaults for T1/cmr/m/n on input line 23.
LaTeX Font Info:    ... okay on input line 23.
LaTeX Font Info:    Checking defaults for OT1/cmr/m/n on input line 23.
LaTeX Font Info:    ... okay on input line 23.
LaTeX Font Info:    Checking defaults for OMS/cmsy/m/n on input line 23.
LaTeX Font Info:    ... okay on input line 23.
LaTeX Font Info:    Checking defaults for OMX/cmex/m/n on input line 23.
LaTeX Font Info:    ... okay on input line 23.
LaTeX Font Info:    Checking defaults for U/cmr/m/n on input line 23.
LaTeX Font Info:    ... okay on input line 23.
LaTeX Font Info:    Checking defaults for PD1/pdf/m/n on input line 23.
LaTeX Font Info:    ... okay on input line 23.
\AtBeginShipoutBox=\box33

(/usr/local/texlive/2016basic/texmf-dist/tex/latex/graphics/color.sty
Package: color 2016/05/09 v1.1c Standard LaTeX Color (DPC)

(/usr/local/texlive/2016basic/texmf-dist/tex/latex/graphics-cfg/color.cfg
File: color.cfg 2016/01/02 v1.6 sample color configuration
)
Package color Info: Driver file: pdftex.def on input line 144.

(/usr/local/texlive/2016basic/texmf-dist/tex/latex/graphics-def/pdftex.def
File: pdftex.def 2016/07/10 v0.06j Graphics/color for pdfTeX
\Gread@gobject=\count137

(/usr/local/texlive/2016basic/texmf-dist/tex/context/base/mkii/supp-pdf.mkii
[Loading MPS to PDF converter (version 2006.09.02).]
\scratchcounter=\count138
\scratchdimen=\dimen150
\scratchbox=\box34
\nofMPsegments=\count139
\nofMParguments=\count140
\everyMPshowfont=\toks26
\MPscratchCnt=\count141
\MPscratchDim=\dimen151
\MPnumerator=\count142
\makeMPintoPDFobject=\count143
\everyMPtoPDFconversion=\toks27
)))
(/usr/local/texlive/2016basic/texmf-dist/tex/latex/oberdiek/epstopdf-base.sty
Package: epstopdf-base 2016/05/15 v2.6 Base part for package epstopdf

(/usr/local/texlive/2016basic/texmf-dist/tex/latex/oberdiek/grfext.sty
Package: grfext 2016/05/16 v1.2 Manage graphics extensions (HO)
)
Package epstopdf-base Info: Redefining graphics rule for `.eps' on input line 4
38.
Package grfext Info: Graphics extension search list:
(grfext)             [.png,.pdf,.jpg,.mps,.jpeg,.jbig2,.jb2,.PNG,.PDF,.JPG,.JPE
G,.JBIG2,.JB2,.eps]
(grfext)             \AppendGraphicsExtensions on input line 456.

(/usr/local/texlive/2016basic/texmf-dist/tex/latex/latexconfig/epstopdf-sys.cfg
File: epstopdf-sys.cfg 2010/07/13 v1.3 Configuration of (r)epstopdf for TeX Liv
e
))
Package hyperref Info: Link coloring ON on input line 23.
 (/usr/local/texlive/2016basic/texmf-dist/tex/latex/hyperref/nameref.sty
Package: nameref 2012/10/27 v2.43 Cross-referencing by name of section

(/usr/local/texlive/2016basic/texmf-dist/tex/generic/oberdiek/gettitlestring.st
y
Package: gettitlestring 2016/05/16 v1.5 Cleanup title references (HO)
)
\c@section@level=\count144
)
LaTeX Info: Redefining \ref on input line 23.
LaTeX Info: Redefining \pageref on input line 23.
LaTeX Info: Redefining \nameref on input line 23.
 (./outline.out) (./outline.out)
\@outlinefile=\write4
\openout4 = `outline.out'.

\c@lstlisting=\count145
Package caption Info: Begin \AtBeginDocument code.
Package caption Info: sidecap package is loaded.
Package caption Info: End \AtBeginDocument code.

(/usr/local/texlive/2016basic/texmf-dist/tex/latex/ms/ragged2e.sty
Package: ragged2e 2009/05/21 v2.1 ragged2e Package (MS)

(/usr/local/texlive/2016basic/texmf-dist/tex/latex/ms/everysel.sty
Package: everysel 2011/10/28 v1.2 EverySelectfont Package (MS)

ABD: EverySelectfont initializing macros
LaTeX Info: Redefining \selectfont on input line 126.
)
\CenteringLeftskip=\skip52
\RaggedLeftLeftskip=\skip53
\RaggedRightLeftskip=\skip54
\CenteringRightskip=\skip55
\RaggedLeftRightskip=\skip56
\RaggedRightRightskip=\skip57
\CenteringParfillskip=\skip58
\RaggedLeftParfillskip=\skip59
\RaggedRightParfillskip=\skip60
\JustifyingParfillskip=\skip61
\CenteringParindent=\skip62
\RaggedLeftParindent=\skip63
\RaggedRightParindent=\skip64
\JustifyingParindent=\skip65
)
<../../Figure/introplot.pdf, id=8, 722.7pt x 361.35pt>
File: ../../Figure/introplot.pdf Graphic file (type pdf)

<use ../../Figure/introplot.pdf>
Package pdftex.def Info: ../../Figure/introplot.pdf used on input line 32.
(pdftex.def)             Requested size: 216.81pt x 108.40584pt.

<../../Figure/Pmat.pdf, id=9, 505.89pt x 505.89pt>
File: ../../Figure/Pmat.pdf Graphic file (type pdf)
 <use ../../Figure/Pmat.pdf>
Package pdftex.def Info: ../../Figure/Pmat.pdf used on input line 44.
(pdftex.def)             Requested size: 104.7042pt x 104.70389pt.

<../../Figure/Amat.pdf, id=10, 505.89pt x 505.89pt>
File: ../../Figure/Amat.pdf Graphic file (type pdf)

<use ../../Figure/Amat.pdf>
Package pdftex.def Info: ../../Figure/Amat.pdf used on input line 51.
(pdftex.def)             Requested size: 104.7042pt x 104.70389pt.

<../../Figure/distA.pdf, id=11, 505.89pt x 505.89pt>
File: ../../Figure/distA.pdf Graphic file (type pdf)

<use ../../Figure/distA.pdf>
Package pdftex.def Info: ../../Figure/distA.pdf used on input line 58.
(pdftex.def)             Requested size: 104.7042pt x 104.70389pt.

<../../Figure/distX.pdf, id=12, 505.89pt x 505.89pt>
File: ../../Figure/distX.pdf Graphic file (type pdf)

<use ../../Figure/distX.pdf>
Package pdftex.def Info: ../../Figure/distX.pdf used on input line 63.
(pdftex.def)             Requested size: 104.7042pt x 104.70389pt.
LaTeX Font Info:    Try loading font information for U+msa on input line 67.

(/usr/local/texlive/2016basic/texmf-dist/tex/latex/amsfonts/umsa.fd
File: umsa.fd 2013/01/14 v3.01 AMS symbols A
)
LaTeX Font Info:    Try loading font information for U+msb on input line 67.

(/usr/local/texlive/2016basic/texmf-dist/tex/latex/amsfonts/umsb.fd
File: umsb.fd 2013/01/14 v3.01 AMS symbols B
)
<../../Figure/Dx1.pdf, id=13, 505.89pt x 505.89pt>
File: ../../Figure/Dx1.pdf Graphic file (type pdf)
 <use ../../Figure/Dx1.pdf>
Package pdftex.def Info: ../../Figure/Dx1.pdf used on input line 75.
(pdftex.def)             Requested size: 136.57462pt x 136.57668pt.

<../../Figure/Dx5.pdf, id=14, 505.89pt x 505.89pt>
File: ../../Figure/Dx5.pdf Graphic file (type pdf)
 <use ../../Figure/Dx5.pdf>
Package pdftex.def Info: ../../Figure/Dx5.pdf used on input line 76.
(pdftex.def)             Requested size: 136.57462pt x 136.57668pt.

<../../Figure/Dx50.pdf, id=15, 505.89pt x 505.89pt>
File: ../../Figure/Dx50.pdf Graphic file (type pdf)

<use ../../Figure/Dx50.pdf>
Package pdftex.def Info: ../../Figure/Dx50.pdf used on input line 77.
(pdftex.def)             Requested size: 136.57462pt x 136.57668pt.
 [1
Non-PDF special ignored!

{/usr/local/texlive/2016basic/texmf-var/fonts/map/pdftex/updmap/pdftex.map} <..
/../Figure/introplot.pdf> <../../Figure/Pmat.pdf> <../../Figure/Amat.pdf> <../.
./Figure/distA.pdf> <../../Figure/distX.pdf>]
<../../Figure/ThreeSBM_results_simple.pdf, id=72, 505.89pt x 505.89pt>
File: ../../Figure/ThreeSBM_results_simple.pdf Graphic file (type pdf)

<use ../../Figure/ThreeSBM_results_simple.pdf>
Package pdftex.def Info: ../../Figure/ThreeSBM_results_simple.pdf used on input
 line 88.
(pdftex.def)             Requested size: 239.0034pt x 239.0034pt.


LaTeX Warning: Reference `eq:Three' on page 2 undefined on input line 91.

LaTeX Font Info:    Font shape `OT1/cmtt/bx/n' in size <10.95> not available
(Font)              Font shape `OT1/cmtt/m/n' tried instead on input line 91.

LaTeX Warning: Reference `eq:Three' on page 2 undefined on input line 91.


Underfull \hbox (badness 1158) in paragraph at lines 91--91
[][]\OT1/cmr/bx/n/10.95 : |\OT1/cmr/m/n/10.95 This power heatmap il-lus-
 []

<../../Figure/powerplot_simple.pdf, id=73, 1300.86pt x 361.35pt>
File: ../../Figure/powerplot_simple.pdf Graphic file (type pdf)

<use ../../Figure/powerplot_simple.pdf>
Package pdftex.def Info: ../../Figure/powerplot_simple.pdf used on input line 9
7.
(pdftex.def)             Requested size: 455.24411pt x 126.45786pt.


LaTeX Warning: `h' float specifier changed to `ht'.

<../../Figure/onlytau.pdf, id=74, 505.89pt x 361.35pt>
File: ../../Figure/onlytau.pdf Graphic file (type pdf)

<use ../../Figure/onlytau.pdf>
Package pdftex.def Info: ../../Figure/onlytau.pdf used on input line 109.
(pdftex.def)             Requested size: 159.33821pt x 113.81482pt.

<../../Figure/ame_part.pdf, id=75, 867.24pt x 361.35pt>
File: ../../Figure/ame_part.pdf Graphic file (type pdf)

<use ../../Figure/ame_part.pdf>
Package pdftex.def Info: ../../Figure/ame_part.pdf used on input line 114.
(pdftex.def)             Requested size: 273.14923pt x 113.80931pt.
 [2 <../../Figure/Dx1.pdf> <../../Figure/Dx5.pdf> <../../Figure/Dx50.pdf> <../.
./Figure/ThreeSBM_results_simple.pdf>]
<../../Figure/nodecontri.pdf, id=137, 1228.59pt x 433.62pt>
File: ../../Figure/nodecontri.pdf Graphic file (type pdf)

<use ../../Figure/nodecontri.pdf>
Package pdftex.def Info: ../../Figure/nodecontri.pdf used on input line 127.
(pdftex.def)             Requested size: 364.19667pt x 128.53874pt.


LaTeX Warning: `h' float specifier changed to `ht'.

<../../Figure/two_politics.pdf, id=138, 722.7pt x 361.35pt>
File: ../../Figure/two_politics.pdf Graphic file (type pdf)

<use ../../Figure/two_politics.pdf>
Package pdftex.def Info: ../../Figure/two_politics.pdf used on input line 137.
(pdftex.def)             Requested size: 455.24411pt x 227.62413pt.
 [3 <../../Figure/powerplot_simple.pdf> <../../Figure/onlytau.pdf> <../../Figur
e/ame_part.pdf>]
<../../Figure/barplots_nolegend.pdf, id=180, 1445.4pt x 505.89pt>
File: ../../Figure/barplots_nolegend.pdf Graphic file (type pdf)

<use ../../Figure/barplots_nolegend.pdf>
Package pdftex.def Info: ../../Figure/barplots_nolegend.pdf used on input line 
145.
(pdftex.def)             Requested size: 455.24411pt x 159.33302pt.


LaTeX Warning: `h' float specifier changed to `ht'.

<../../Figure/Adj0.pdf, id=181, 505.89pt x 505.89pt>
File: ../../Figure/Adj0.pdf Graphic file (type pdf)

<use ../../Figure/Adj0.pdf>
Package pdftex.def Info: ../../Figure/Adj0.pdf used on input line 154.
(pdftex.def)             Requested size: 204.85846pt x 204.86116pt.

<../../Figure/Adj1.pdf, id=182, 505.89pt x 505.89pt>
File: ../../Figure/Adj1.pdf Graphic file (type pdf)

<use ../../Figure/Adj1.pdf>
Package pdftex.def Info: ../../Figure/Adj1.pdf used on input line 159.
(pdftex.def)             Requested size: 204.85846pt x 204.86116pt.
 [4 <../../Figure/nodecontri.pdf> <../../Figure/two_politics.pdf>] [5 <../../Fi
gure/barplots_nolegend.pdf> <../../Figure/Adj0.pdf> <../../Figure/Adj1.pdf>]
<../../Figure/sim_Adj0.pdf, id=224, 505.89pt x 505.89pt>
File: ../../Figure/sim_Adj0.pdf Graphic file (type pdf)

<use ../../Figure/sim_Adj0.pdf>
Package pdftex.def Info: ../../Figure/sim_Adj0.pdf used on input line 175.
(pdftex.def)             Requested size: 136.57462pt x 136.57668pt.

<../../Figure/step0.pdf, id=225, 722.7pt x 361.35pt>
File: ../../Figure/step0.pdf Graphic file (type pdf)

<use ../../Figure/step0.pdf>
Package pdftex.def Info: ../../Figure/step0.pdf used on input line 180.
(pdftex.def)             Requested size: 273.14923pt x 136.57558pt.

<../../Figure/sim_Adj1.pdf, id=226, 505.89pt x 505.89pt>
File: ../../Figure/sim_Adj1.pdf Graphic file (type pdf)

<use ../../Figure/sim_Adj1.pdf>
Package pdftex.def Info: ../../Figure/sim_Adj1.pdf used on input line 191.
(pdftex.def)             Requested size: 136.57462pt x 136.57668pt.

<../../Figure/step1.pdf, id=227, 722.7pt x 361.35pt>
File: ../../Figure/step1.pdf Graphic file (type pdf)

<use ../../Figure/step1.pdf>
Package pdftex.def Info: ../../Figure/step1.pdf used on input line 196.
(pdftex.def)             Requested size: 273.14923pt x 136.57558pt.

<../../Figure/sim_Adj2.pdf, id=228, 505.89pt x 505.89pt>
File: ../../Figure/sim_Adj2.pdf Graphic file (type pdf)

<use ../../Figure/sim_Adj2.pdf>
Package pdftex.def Info: ../../Figure/sim_Adj2.pdf used on input line 207.
(pdftex.def)             Requested size: 136.57462pt x 136.57668pt.

<../../Figure/step2.pdf, id=229, 722.7pt x 361.35pt>
File: ../../Figure/step2.pdf Graphic file (type pdf)

<use ../../Figure/step2.pdf>
Package pdftex.def Info: ../../Figure/step2.pdf used on input line 212.
(pdftex.def)             Requested size: 273.14923pt x 136.57558pt.

<../../Figure/sim_Adj3.pdf, id=230, 505.89pt x 505.89pt>
File: ../../Figure/sim_Adj3.pdf Graphic file (type pdf)

<use ../../Figure/sim_Adj3.pdf>
Package pdftex.def Info: ../../Figure/sim_Adj3.pdf used on input line 223.
(pdftex.def)             Requested size: 136.57462pt x 136.57668pt.

<../../Figure/step3.pdf, id=231, 722.7pt x 361.35pt>
File: ../../Figure/step3.pdf Graphic file (type pdf)

<use ../../Figure/step3.pdf>
Package pdftex.def Info: ../../Figure/step3.pdf used on input line 228.
(pdftex.def)             Requested size: 273.14923pt x 136.57558pt.
 [6 <../../Figure/sim_Adj0.pdf> <../../Figure/step0.pdf> <../../Figure/sim_Adj1
.pdf> <../../Figure/step1.pdf> <../../Figure/sim_Adj2.pdf> <../../Figure/step2.
pdf>]
<../../Figure/sim_Adj4.pdf, id=281, 505.89pt x 505.89pt>
File: ../../Figure/sim_Adj4.pdf Graphic file (type pdf)

<use ../../Figure/sim_Adj4.pdf>
Package pdftex.def Info: ../../Figure/sim_Adj4.pdf used on input line 239.
(pdftex.def)             Requested size: 136.57462pt x 136.57668pt.

<../../Figure/step4.pdf, id=282, 722.7pt x 361.35pt>
File: ../../Figure/step4.pdf Graphic file (type pdf)

<use ../../Figure/step4.pdf>
Package pdftex.def Info: ../../Figure/step4.pdf used on input line 244.
(pdftex.def)             Requested size: 273.14923pt x 136.57558pt.

Overfull \hbox (2.53952pt too wide) detected at line 263
[] []
 []

<../../Figure/negcontri.pdf, id=283, 794.97pt x 505.89pt>
File: ../../Figure/negcontri.pdf Graphic file (type pdf)

<use ../../Figure/negcontri.pdf>
Package pdftex.def Info: ../../Figure/negcontri.pdf used on input line 269.
(pdftex.def)             Requested size: 455.24411pt x 289.71115pt.


LaTeX Warning: `h' float specifier changed to `ht'.


Overfull \hbox (2.53952pt too wide) detected at line 284
[] []
 []

[7 <../../Figure/sim_Adj3.pdf> <../../Figure/step3.pdf> <../../Figure/sim_Adj4.
pdf> <../../Figure/step4.pdf>]
<../../Figure/revcontri.pdf, id=321, 794.97pt x 505.89pt>
File: ../../Figure/revcontri.pdf Graphic file (type pdf)

<use ../../Figure/revcontri.pdf>
Package pdftex.def Info: ../../Figure/revcontri.pdf used on input line 290.
(pdftex.def)             Requested size: 455.24411pt x 289.71115pt.


LaTeX Warning: `h' float specifier changed to `ht'.

[8 <../../Figure/negcontri.pdf>]
LaTeX Font Info:    Try loading font information for OMS+cmr on input line 304.


(/usr/local/texlive/2016basic/texmf-dist/tex/latex/base/omscmr.fd
File: omscmr.fd 2014/09/29 v2.5h Standard LaTeX font definitions
)
LaTeX Font Info:    Font shape `OMS/cmr/m/n' in size <12> not available
(Font)              Font shape `OMS/cmsy/m/n' tried instead on input line 304.
 [9 <../../Figure/revcontri.pdf>] [10]
Package atveryend Info: Empty hook `BeforeClearDocument' on input line 379.
 [11]
Package atveryend Info: Empty hook `AfterLastShipout' on input line 379.
 (./outline.aux)
Package atveryend Info: Executing hook `AtVeryEndDocument' on input line 379.
Package atveryend Info: Executing hook `AtEndAfterFileList' on input line 379.
Package rerunfilecheck Info: File `outline.out' has not changed.
(rerunfilecheck)             Checksum: 61A491569EE3FEC54E935240371F3E9D;44.


LaTeX Warning: There were undefined references.

Package atveryend Info: Empty hook `AtVeryVeryEnd' on input line 379.
 ) 
Here is how much of TeX's memory you used:
 9952 strings out of 494447
 149576 string characters out of 6166766
 239269 words of memory out of 5000000
 13076 multiletter control sequences out of 15000+600000
 12963 words of font info for 49 fonts, out of 8000000 for 9000
 319 hyphenation exceptions out of 8191
 38i,18n,48p,981b,535s stack positions out of 5000i,500n,10000p,200000b,80000s
</usr/local/texlive/2016basic/texmf-dist/fonts/type1/public/amsfonts/cm/cmbx1
0.pfb></usr/local/texlive/2016basic/texmf-dist/fonts/type1/public/amsfonts/cm/c
mbx12.pfb></usr/local/texlive/2016basic/texmf-dist/fonts/type1/public/amsfonts/
cm/cmex10.pfb></usr/local/texlive/2016basic/texmf-dist/fonts/type1/public/amsfo
nts/cm/cmmi10.pfb></usr/local/texlive/2016basic/texmf-dist/fonts/type1/public/a
msfonts/cm/cmmi12.pfb></usr/local/texlive/2016basic/texmf-dist/fonts/type1/publ
ic/amsfonts/cm/cmmi8.pfb></usr/local/texlive/2016basic/texmf-dist/fonts/type1/p
ublic/amsfonts/cm/cmr10.pfb></usr/local/texlive/2016basic/texmf-dist/fonts/type
1/public/amsfonts/cm/cmr12.pfb></usr/local/texlive/2016basic/texmf-dist/fonts/t
ype1/public/amsfonts/cm/cmsy10.pfb></usr/local/texlive/2016basic/texmf-dist/fon
ts/type1/public/amsfonts/cm/cmsy8.pfb></usr/local/texlive/2016basic/texmf-dist/
fonts/type1/public/amsfonts/cm/cmti10.pfb></usr/local/texlive/2016basic/texmf-d
ist/fonts/type1/public/amsfonts/cm/cmtt10.pfb></usr/local/texlive/2016basic/tex
mf-dist/fonts/type1/public/amsfonts/cm/cmtt12.pfb>
Output written on outline.pdf (11 pages, 763651 bytes).
PDF statistics:
 411 PDF objects out of 1000 (max. 8388607)
 309 compressed objects within 4 object streams
 46 named destinations out of 1000 (max. 500000)
 154 words of extra memory for PDF output out of 10000 (max. 10000000)

