\BOOKMARK [1][-]{section.1}{Introduction}{}% 1
\BOOKMARK [2][-]{subsection.1.1}{intro1}{section.1}% 2
\BOOKMARK [2][-]{subsection.1.2}{intro2}{section.1}% 3
\BOOKMARK [1][-]{section.2}{Multiscale Distance Metrics}{}% 4
\BOOKMARK [2][-]{subsection.2.1}{[MDM1]}{section.2}% 5
\BOOKMARK [2][-]{subsection.2.2}{[MDM2]}{section.2}% 6
\BOOKMARK [2][-]{subsection.2.3}{[MDM3]}{section.2}% 7
\BOOKMARK [2][-]{subsection.2.4}{[MDM4]}{section.2}% 8
\BOOKMARK [1][-]{section.3}{Multiscale Generalized Correlation}{}% 9
\BOOKMARK [2][-]{subsection.3.1}{[MGC1]}{section.3}% 10
\BOOKMARK [2][-]{subsection.3.2}{[MGC2]}{section.3}% 11
\BOOKMARK [2][-]{subsection.3.3}{[MGC3]}{section.3}% 12
\BOOKMARK [1][-]{section.4}{Simulation Study}{}% 13
\BOOKMARK [2][-]{subsection.4.1}{[sim1]}{section.4}% 14
\BOOKMARK [3][-]{subsubsection.4.1.1}{[sim1.1]}{subsection.4.1}% 15
\BOOKMARK [2][-]{subsection.4.2}{[sim2]}{section.4}% 16
\BOOKMARK [1][-]{section.5}{Real Data Examples}{}% 17
\BOOKMARK [2][-]{subsection.5.1}{c.elegans}{section.5}% 18
\BOOKMARK [1][-]{section.6}{Discussions}{}% 19
\BOOKMARK [2][-]{subsection.6.1}{[dis1]}{section.6}% 20
\BOOKMARK [2][-]{subsection.6.2}{[dis2]}{section.6}% 21
\BOOKMARK [2][-]{subsection.6.3}{[dis3]}{section.6}% 22
\BOOKMARK [1][-]{section.7}{Appendix}{}% 23
\BOOKMARK [2][-]{subsection.7.1}{[apd1]}{section.7}% 24
\BOOKMARK [2][-]{subsection.7.2}{[apd2]}{section.7}% 25
