This is pdfTeX, Version 3.1415926-2.5-1.40.14 (MiKTeX 2.9 64-bit) (preloaded format=pdflatex 2016.2.7)  9 OCT 2016 17:08
entering extended mode
**MNT.tex
(C:\Work\Applications\GitHub\Multiscale-Network-Test\Draft\MNT.tex
LaTeX2e <2011/06/27>
Babel <v3.8m> and hyphenation patterns for english, afrikaans, ancientgreek, arabic, armenian, assamese, basque, bengali
, bokmal, bulgarian, catalan, coptic, croatian, czech, danish, dutch, esperanto, estonian, farsi, finnish, french, galic
ian, german, german-x-2013-05-26, greek, gujarati, hindi, hungarian, icelandic, indonesian, interlingua, irish, italian,
 kannada, kurmanji, latin, latvian, lithuanian, malayalam, marathi, mongolian, mongolianlmc, monogreek, ngerman, ngerman
-x-2013-05-26, nynorsk, oriya, panjabi, pinyin, polish, portuguese, romanian, russian, sanskrit, serbian, slovak, sloven
ian, spanish, swedish, swissgerman, tamil, telugu, turkish, turkmen, ukenglish, ukrainian, uppersorbian, usenglishmax, w
elsh, loaded.
("C:\Program Files\MiKTeX 2.9\tex\latex\base\article.cls"
Document Class: article 2007/10/19 v1.4h Standard LaTeX document class
("C:\Program Files\MiKTeX 2.9\tex\latex\base\size12.clo"
File: size12.clo 2007/10/19 v1.4h Standard LaTeX file (size option)
)
\c@part=\count79
\c@section=\count80
\c@subsection=\count81
\c@subsubsection=\count82
\c@paragraph=\count83
\c@subparagraph=\count84
\c@figure=\count85
\c@table=\count86
\abovecaptionskip=\skip41
\belowcaptionskip=\skip42
\bibindent=\dimen102
)
(C:\Work\Applications\GitHub\Multiscale-Network-Test\Draft\algorithmicx.sty
Package: algorithmicx 2005/04/27 v1.2 Algorithmicx

("C:\Program Files\MiKTeX 2.9\tex\latex\base\ifthen.sty"
Package: ifthen 2001/05/26 v1.1c Standard LaTeX ifthen package (DPC)
)
Document Style algorithmicx 1.2 - a greatly improved `algorithmic' style
\c@ALG@line=\count87
\c@ALG@rem=\count88
\c@ALG@nested=\count89
\ALG@tlm=\skip43
\ALG@thistlm=\skip44
\c@ALG@Lnr=\count90
\c@ALG@blocknr=\count91
\c@ALG@storecount=\count92
\c@ALG@tmpcounter=\count93
\ALG@tmplength=\skip45
) (C:\Work\Applications\GitHub\Multiscale-Network-Test\Draft\algorithm.sty
Package: algorithm 

Document Style `algorithm' - floating environment
("C:\Program Files\MiKTeX 2.9\tex\latex\float\float.sty"
Package: float 2001/11/08 v1.3d Float enhancements (AL)
\c@float@type=\count94
\float@exts=\toks14
\float@box=\box26
\@float@everytoks=\toks15
\@floatcapt=\box27
)
\@float@every@algorithm=\toks16
\c@algorithm=\count95
)
(C:\Work\Applications\GitHub\Multiscale-Network-Test\Draft\algpseudocode.sty
Package: algpseudocode 

Document Style - pseudocode environments for use with the `algorithmicx' style
) (C:\Work\Applications\GitHub\Multiscale-Network-Test\Draft\algpascal.sty
Package: algpascal 

Document Style - pascal environments for the `algorithmicx' style
) (C:\Work\Applications\GitHub\Multiscale-Network-Test\Draft\algc.sty
Package: algc 

Document Style - c/c++ environments for use with the `algorithmicx' style
) ("C:\Program Files\MiKTeX 2.9\tex\latex\url\url.sty"
\Urlmuskip=\muskip10
Package: url 2013/09/16  ver 3.4  Verb mode for urls, etc.
) ("C:\Program Files\MiKTeX 2.9\tex\latex\tools\enumerate.sty"
Package: enumerate 1999/03/05 v3.00 enumerate extensions (DPC)
\@enLab=\toks17
)
("C:\Program Files\MiKTeX 2.9\tex\latex\amsfonts\amssymb.sty"
Package: amssymb 2013/01/14 v3.01 AMS font symbols

("C:\Program Files\MiKTeX 2.9\tex\latex\amsfonts\amsfonts.sty"
Package: amsfonts 2013/01/14 v3.01 Basic AMSFonts support
\@emptytoks=\toks18
\symAMSa=\mathgroup4
\symAMSb=\mathgroup5
LaTeX Font Info:    Overwriting math alphabet `\mathfrak' in version `bold'
(Font)                  U/euf/m/n --> U/euf/b/n on input line 106.
))
("C:\Program Files\MiKTeX 2.9\tex\latex\ltxmisc\anysize.sty"
Package: anysize 1994/08/13 1.0 Contributed LaTeX2e package

Package: `anysize' 1.0 <1994/08/13>
\@Leftmargin=\dimen103
\@Rightmargin=\dimen104
\@Topmargin=\dimen105
\@Bottommargin=\dimen106
) ("C:\Program Files\MiKTeX 2.9\tex\latex\booktabs\booktabs.sty"
Package: booktabs 2005/04/14 v1.61803 publication quality tables
\heavyrulewidth=\dimen107
\lightrulewidth=\dimen108
\cmidrulewidth=\dimen109
\belowrulesep=\dimen110
\belowbottomsep=\dimen111
\aboverulesep=\dimen112
\abovetopsep=\dimen113
\cmidrulesep=\dimen114
\cmidrulekern=\dimen115
\defaultaddspace=\dimen116
\@cmidla=\count96
\@cmidlb=\count97
\@aboverulesep=\dimen117
\@belowrulesep=\dimen118
\@thisruleclass=\count98
\@lastruleclass=\count99
\@thisrulewidth=\dimen119
)
("C:\Program Files\MiKTeX 2.9\tex\latex\hyperref\hyperref.sty"
Package: hyperref 2012/11/06 v6.83m Hypertext links for LaTeX

("C:\Program Files\MiKTeX 2.9\tex\generic\oberdiek\hobsub-hyperref.sty"
Package: hobsub-hyperref 2012/04/25 v1.12 Bundle oberdiek, subset hyperref (HO)

("C:\Program Files\MiKTeX 2.9\tex\generic\oberdiek\hobsub-generic.sty"
Package: hobsub-generic 2012/04/25 v1.12 Bundle oberdiek, subset generic (HO)
Package: hobsub 2012/04/25 v1.12 Construct package bundles (HO)
Package: infwarerr 2010/04/08 v1.3 Providing info/warning/error messages (HO)
Package: ltxcmds 2011/11/09 v1.22 LaTeX kernel commands for general use (HO)
Package: ifluatex 2010/03/01 v1.3 Provides the ifluatex switch (HO)
Package ifluatex Info: LuaTeX not detected.
Package: ifvtex 2010/03/01 v1.5 Detect VTeX and its facilities (HO)
Package ifvtex Info: VTeX not detected.
Package: intcalc 2007/09/27 v1.1 Expandable calculations with integers (HO)
Package: ifpdf 2011/01/30 v2.3 Provides the ifpdf switch (HO)
Package ifpdf Info: pdfTeX in PDF mode is detected.
Package: etexcmds 2011/02/16 v1.5 Avoid name clashes with e-TeX commands (HO)
Package etexcmds Info: Could not find \expanded.
(etexcmds)             That can mean that you are not using pdfTeX 1.50 or
(etexcmds)             that some package has redefined \expanded.
(etexcmds)             In the latter case, load this package earlier.
Package: kvsetkeys 2012/04/25 v1.16 Key value parser (HO)
Package: kvdefinekeys 2011/04/07 v1.3 Define keys (HO)
Package: pdftexcmds 2011/11/29 v0.20 Utility functions of pdfTeX for LuaTeX (HO)
Package pdftexcmds Info: LuaTeX not detected.
Package pdftexcmds Info: \pdf@primitive is available.
Package pdftexcmds Info: \pdf@ifprimitive is available.
Package pdftexcmds Info: \pdfdraftmode found.
Package: pdfescape 2011/11/25 v1.13 Implements pdfTeX's escape features (HO)
Package: bigintcalc 2012/04/08 v1.3 Expandable calculations on big integers (HO)
Package: bitset 2011/01/30 v1.1 Handle bit-vector datatype (HO)
Package: uniquecounter 2011/01/30 v1.2 Provide unlimited unique counter (HO)
)
Package hobsub Info: Skipping package `hobsub' (already loaded).
Package: letltxmacro 2010/09/02 v1.4 Let assignment for LaTeX macros (HO)
Package: hopatch 2011/06/24 v1.1 Wrapper for package hooks (HO)
Package: xcolor-patch 2011/01/30 xcolor patch
Package: atveryend 2011/06/30 v1.8 Hooks at the very end of document (HO)
Package atveryend Info: \enddocument detected (standard20110627).
Package: atbegshi 2011/10/05 v1.16 At begin shipout hook (HO)
Package: refcount 2011/10/16 v3.4 Data extraction from label references (HO)
Package: hycolor 2011/01/30 v1.7 Color options for hyperref/bookmark (HO)
)
("C:\Program Files\MiKTeX 2.9\tex\latex\graphics\keyval.sty"
Package: keyval 1999/03/16 v1.13 key=value parser (DPC)
\KV@toks@=\toks19
)
("C:\Program Files\MiKTeX 2.9\tex\generic\ifxetex\ifxetex.sty"
Package: ifxetex 2010/09/12 v0.6 Provides ifxetex conditional
)
("C:\Program Files\MiKTeX 2.9\tex\latex\oberdiek\auxhook.sty"
Package: auxhook 2011/03/04 v1.3 Hooks for auxiliary files (HO)
)
("C:\Program Files\MiKTeX 2.9\tex\latex\oberdiek\kvoptions.sty"
Package: kvoptions 2011/06/30 v3.11 Key value format for package options (HO)
)
\@linkdim=\dimen120
\Hy@linkcounter=\count100
\Hy@pagecounter=\count101

("C:\Program Files\MiKTeX 2.9\tex\latex\hyperref\pd1enc.def"
File: pd1enc.def 2012/11/06 v6.83m Hyperref: PDFDocEncoding definition (HO)
)
\Hy@SavedSpaceFactor=\count102

("C:\Program Files\MiKTeX 2.9\tex\latex\00miktex\hyperref.cfg"
File: hyperref.cfg 2002/06/06 v1.2 hyperref configuration of TeXLive
)
Package hyperref Info: Option `colorlinks' set `true' on input line 4319.
Package hyperref Info: Hyper figures OFF on input line 4443.
Package hyperref Info: Link nesting OFF on input line 4448.
Package hyperref Info: Hyper index ON on input line 4451.
Package hyperref Info: Plain pages OFF on input line 4458.
Package hyperref Info: Backreferencing OFF on input line 4463.
Package hyperref Info: Implicit mode ON; LaTeX internals redefined.
Package hyperref Info: Bookmarks ON on input line 4688.
\c@Hy@tempcnt=\count103
LaTeX Info: Redefining \url on input line 5041.
\XeTeXLinkMargin=\dimen121
\Fld@menulength=\count104
\Field@Width=\dimen122
\Fld@charsize=\dimen123
Package hyperref Info: Hyper figures OFF on input line 6295.
Package hyperref Info: Link nesting OFF on input line 6300.
Package hyperref Info: Hyper index ON on input line 6303.
Package hyperref Info: backreferencing OFF on input line 6310.
Package hyperref Info: Link coloring ON on input line 6313.
Package hyperref Info: Link coloring with OCG OFF on input line 6320.
Package hyperref Info: PDF/A mode OFF on input line 6325.
LaTeX Info: Redefining \ref on input line 6365.
LaTeX Info: Redefining \pageref on input line 6369.
\Hy@abspage=\count105
\c@Item=\count106
\c@Hfootnote=\count107
)

Package hyperref Message: Driver (autodetected): hpdftex.

("C:\Program Files\MiKTeX 2.9\tex\latex\hyperref\hpdftex.def"
File: hpdftex.def 2012/11/06 v6.83m Hyperref driver for pdfTeX
\Fld@listcount=\count108
\c@bookmark@seq@number=\count109

("C:\Program Files\MiKTeX 2.9\tex\latex\oberdiek\rerunfilecheck.sty"
Package: rerunfilecheck 2011/04/15 v1.7 Rerun checks for auxiliary files (HO)
Package uniquecounter Info: New unique counter `rerunfilecheck' on input line 282.
)
\Hy@SectionHShift=\skip46
)
("C:\Program Files\MiKTeX 2.9\tex\latex\setspace\setspace.sty"
Package: setspace 2011/12/19 v6.7a set line spacing
)
("C:\Program Files\MiKTeX 2.9\tex\latex\listings\listings.sty"
\lst@mode=\count110
\lst@gtempboxa=\box28
\lst@token=\toks20
\lst@length=\count111
\lst@currlwidth=\dimen124
\lst@column=\count112
\lst@pos=\count113
\lst@lostspace=\dimen125
\lst@width=\dimen126
\lst@newlines=\count114
\lst@lineno=\count115
\lst@maxwidth=\dimen127

("C:\Program Files\MiKTeX 2.9\tex\latex\listings\lstmisc.sty"
File: lstmisc.sty 2015/06/04 1.6 (Carsten Heinz)
\c@lstnumber=\count116
\lst@skipnumbers=\count117
\lst@framebox=\box29
)
("C:\Program Files\MiKTeX 2.9\tex\latex\listings\listings.cfg"
File: listings.cfg 2015/06/04 1.6 listings configuration
))
Package: listings 2015/06/04 1.6 (Carsten Heinz)

("C:\Program Files\MiKTeX 2.9\tex\latex\graphics\graphicx.sty"
Package: graphicx 1999/02/16 v1.0f Enhanced LaTeX Graphics (DPC,SPQR)

("C:\Program Files\MiKTeX 2.9\tex\latex\graphics\graphics.sty"
Package: graphics 2009/02/05 v1.0o Standard LaTeX Graphics (DPC,SPQR)
 ("C:\Program Files\MiKTeX 2.9\tex\latex\graphics\trig.sty"
Package: trig 1999/03/16 v1.09 sin cos tan (DPC)
) ("C:\Program Files\MiKTeX 2.9\tex\latex\00miktex\graphics.cfg"
File: graphics.cfg 2007/01/18 v1.5 graphics configuration of teTeX/TeXLive
)
Package graphics Info: Driver file: dvipdfmx.def on input line 91.

("C:\Program Files\MiKTeX 2.9\tex\latex\graphics-def\dvipdfmx.def"
File: dvipdfmx.def 2016/07/11 v4.12 LaTeX color/graphics driver for dvipdfmx (L3/ChoF)
))
\Gin@req@height=\dimen128
\Gin@req@width=\dimen129
)
("C:\Program Files\MiKTeX 2.9\tex\latex\amsmath\amsmath.sty"
Package: amsmath 2013/01/14 v2.14 AMS math features
\@mathmargin=\skip47

For additional information on amsmath, use the `?' option.
("C:\Program Files\MiKTeX 2.9\tex\latex\amsmath\amstext.sty"
Package: amstext 2000/06/29 v2.01
 ("C:\Program Files\MiKTeX 2.9\tex\latex\amsmath\amsgen.sty"
File: amsgen.sty 1999/11/30 v2.0
\@emptytoks=\toks21
\ex@=\dimen130
)) ("C:\Program Files\MiKTeX 2.9\tex\latex\amsmath\amsbsy.sty"
Package: amsbsy 1999/11/29 v1.2d
\pmbraise@=\dimen131
)
("C:\Program Files\MiKTeX 2.9\tex\latex\amsmath\amsopn.sty"
Package: amsopn 1999/12/14 v2.01 operator names
)
\inf@bad=\count118
LaTeX Info: Redefining \frac on input line 210.
\uproot@=\count119
\leftroot@=\count120
LaTeX Info: Redefining \overline on input line 306.
\classnum@=\count121
\DOTSCASE@=\count122
LaTeX Info: Redefining \ldots on input line 378.
LaTeX Info: Redefining \dots on input line 381.
LaTeX Info: Redefining \cdots on input line 466.
\Mathstrutbox@=\box30
\strutbox@=\box31
\big@size=\dimen132
LaTeX Font Info:    Redeclaring font encoding OML on input line 566.
LaTeX Font Info:    Redeclaring font encoding OMS on input line 567.
\macc@depth=\count123
\c@MaxMatrixCols=\count124
\dotsspace@=\muskip11
\c@parentequation=\count125
\dspbrk@lvl=\count126
\tag@help=\toks22
\row@=\count127
\column@=\count128
\maxfields@=\count129
\andhelp@=\toks23
\eqnshift@=\dimen133
\alignsep@=\dimen134
\tagshift@=\dimen135
\tagwidth@=\dimen136
\totwidth@=\dimen137
\lineht@=\dimen138
\@envbody=\toks24
\multlinegap=\skip48
\multlinetaggap=\skip49
\mathdisplay@stack=\toks25
LaTeX Info: Redefining \[ on input line 2665.
LaTeX Info: Redefining \] on input line 2666.
) ("C:\Program Files\MiKTeX 2.9\tex\latex\psfrag\psfrag.sty"
Package: psfrag 1998/04/11 v3.04 PSfrag (MCG)
\pfg@pcount=\count130
\pfg@scount=\count131
\pfg@temp=\write3
) ("C:\Program Files\MiKTeX 2.9\tex\latex\caption\caption.sty"
Package: caption 2013/05/02 v3.3-89 Customizing captions (AR)

("C:\Program Files\MiKTeX 2.9\tex\latex\caption\caption3.sty"
Package: caption3 2013/05/02 v1.6-88 caption3 kernel (AR)
Package caption3 Info: TeX engine: e-TeX on input line 57.
\captionmargin=\dimen139
\captionmargin@=\dimen140
\captionwidth=\dimen141
\caption@tempdima=\dimen142
\caption@indent=\dimen143
\caption@parindent=\dimen144
\caption@hangindent=\dimen145
)
\c@ContinuedFloat=\count132
Package caption Info: float package is loaded.
Package caption Info: hyperref package is loaded.
Package caption Info: listings package is loaded.
) ("C:\Program Files\MiKTeX 2.9\tex\latex\natbib\natbib.sty"
Package: natbib 2010/09/13 8.31b (PWD, AO)
\bibhang=\skip50
\bibsep=\skip51
LaTeX Info: Redefining \cite on input line 694.
\c@NAT@ctr=\count133
) ("C:\Program Files\MiKTeX 2.9\tex\latex\graphics\color.sty"
Package: color 2005/11/14 v1.0j Standard LaTeX Color (DPC)

("C:\Program Files\MiKTeX 2.9\tex\latex\00miktex\color.cfg"
File: color.cfg 2007/01/18 v1.5 color configuration of teTeX/TeXLive
)
Package color Info: Driver file: pdftex.def on input line 130.

("C:\Program Files\MiKTeX 2.9\tex\latex\pdftex-def\pdftex.def"
File: pdftex.def 2011/05/27 v0.06d Graphics/color for pdfTeX
\Gread@gobject=\count134
))
("C:\Program Files\MiKTeX 2.9\tex\latex\fancyhdr\fancyhdr.sty"
\fancy@headwidth=\skip52
\f@ncyO@elh=\skip53
\f@ncyO@erh=\skip54
\f@ncyO@olh=\skip55
\f@ncyO@orh=\skip56
\f@ncyO@elf=\skip57
\f@ncyO@erf=\skip58
\f@ncyO@olf=\skip59
\f@ncyO@orf=\skip60
) ("C:\Program Files\MiKTeX 2.9\tex\latex\mh\mathtools.sty"
Package: mathtools 2014/05/21 v1.14 mathematical typesetting tools
 ("C:\Program Files\MiKTeX 2.9\tex\latex\tools\calc.sty"
Package: calc 2007/08/22 v4.3 Infix arithmetic (KKT,FJ)
\calc@Acount=\count135
\calc@Bcount=\count136
\calc@Adimen=\dimen146
\calc@Bdimen=\dimen147
\calc@Askip=\skip61
\calc@Bskip=\skip62
LaTeX Info: Redefining \setlength on input line 76.
LaTeX Info: Redefining \addtolength on input line 77.
\calc@Ccount=\count137
\calc@Cskip=\skip63
) ("C:\Program Files\MiKTeX 2.9\tex\latex\mh\mhsetup.sty"
Package: mhsetup 2010/01/21 v1.2a programming setup (MH)
)
LaTeX Info: Thecontrolsequence`\['isalreadyrobust on input line 129.
LaTeX Info: Thecontrolsequence`\]'isalreadyrobust on input line 129.
\g_MT_multlinerow_int=\count138
\l_MT_multwidth_dim=\dimen148
\origjot=\skip64
\l_MT_shortvdotswithinadjustabove_dim=\dimen149
\l_MT_shortvdotswithinadjustbelow_dim=\dimen150
\l_MT_above_intertext_sep=\dimen151
\l_MT_below_intertext_sep=\dimen152
\l_MT_above_shortintertext_sep=\dimen153
\l_MT_below_shortintertext_sep=\dimen154
)
("C:\Program Files\MiKTeX 2.9\tex\latex\tools\dcolumn.sty"
Package: dcolumn 2001/05/28 v1.06 decimal alignment package (DPC)
 ("C:\Program Files\MiKTeX 2.9\tex\latex\tools\array.sty"
Package: array 2008/09/09 v2.4c Tabular extension package (FMi)
\col@sep=\dimen155
\extrarowheight=\dimen156
\NC@list=\toks26
\extratabsurround=\skip65
\backup@length=\skip66
))
("C:\Program Files\MiKTeX 2.9\tex\latex\tools\indentfirst.sty"
Package: indentfirst 1995/11/23 v1.03 Indent first paragraph (DPC)
)
("C:\Program Files\MiKTeX 2.9\tex\latex\tools\verbatim.sty"
Package: verbatim 2003/08/22 v1.5q LaTeX2e package for verbatim enhancements
\every@verbatim=\toks27
\verbatim@line=\toks28
\verbatim@in@stream=\read1
) ("C:\Program Files\MiKTeX 2.9\tex\latex\graphics\lscape.sty"
Package: lscape 2000/10/22 v3.01 Landscape Pages (DPC)
) ("C:\Program Files\MiKTeX 2.9\tex\latex\amscls\amsthm.sty"
Package: amsthm 2004/08/06 v2.20
\thm@style=\toks29
\thm@bodyfont=\toks30
\thm@headfont=\toks31
\thm@notefont=\toks32
\thm@headpunct=\toks33
\thm@preskip=\skip67
\thm@postskip=\skip68
\thm@headsep=\skip69
\dth@everypar=\toks34
)
\c@definition=\count139
\c@theorem=\count140
\c@corollary=\count141
\c@remark=\count142

(C:\Work\Applications\GitHub\Multiscale-Network-Test\Draft\MNT.aux

LaTeX Warning: Label `main_lemma' multiply defined.


LaTeX Warning: Label `lemma1' multiply defined.


LaTeX Warning: Label `lemma2' multiply defined.

)
LaTeX Font Info:    Checking defaults for OML/cmm/m/it on input line 63.
LaTeX Font Info:    ... okay on input line 63.
LaTeX Font Info:    Checking defaults for T1/cmr/m/n on input line 63.
LaTeX Font Info:    ... okay on input line 63.
LaTeX Font Info:    Checking defaults for OT1/cmr/m/n on input line 63.
LaTeX Font Info:    ... okay on input line 63.
LaTeX Font Info:    Checking defaults for OMS/cmsy/m/n on input line 63.
LaTeX Font Info:    ... okay on input line 63.
LaTeX Font Info:    Checking defaults for OMX/cmex/m/n on input line 63.
LaTeX Font Info:    ... okay on input line 63.
LaTeX Font Info:    Checking defaults for U/cmr/m/n on input line 63.
LaTeX Font Info:    ... okay on input line 63.
LaTeX Font Info:    Checking defaults for PD1/pdf/m/n on input line 63.
LaTeX Font Info:    ... okay on input line 63.
\AtBeginShipoutBox=\box32
Package hyperref Info: Link coloring ON on input line 63.
 ("C:\Program Files\MiKTeX 2.9\tex\latex\hyperref\nameref.sty"
Package: nameref 2012/10/27 v2.43 Cross-referencing by name of section

("C:\Program Files\MiKTeX 2.9\tex\generic\oberdiek\gettitlestring.sty"
Package: gettitlestring 2010/12/03 v1.4 Cleanup title references (HO)
)
\c@section@level=\count143
)
LaTeX Info: Redefining \ref on input line 63.
LaTeX Info: Redefining \pageref on input line 63.
LaTeX Info: Redefining \nameref on input line 63.

(C:\Work\Applications\GitHub\Multiscale-Network-Test\Draft\MNT.out)
(C:\Work\Applications\GitHub\Multiscale-Network-Test\Draft\MNT.out)
\@outlinefile=\write4
\c@lstlisting=\count144
Package caption Info: Begin \AtBeginDocument code.
Package caption Info: End \AtBeginDocument code.

("C:\Program Files\MiKTeX 2.9\tex\context\base\supp-pdf.mkii"
[Loading MPS to PDF converter (version 2006.09.02).]
\scratchcounter=\count145
\scratchdimen=\dimen157
\scratchbox=\box33
\nofMPsegments=\count146
\nofMParguments=\count147
\everyMPshowfont=\toks35
\MPscratchCnt=\count148
\MPscratchDim=\dimen158
\MPnumerator=\count149
\makeMPintoPDFobject=\count150
\everyMPtoPDFconversion=\toks36
)
LaTeX Font Info:    Try loading font information for U+msa on input line 83.
 ("C:\Program Files\MiKTeX 2.9\tex\latex\amsfonts\umsa.fd"
File: umsa.fd 2013/01/14 v3.01 AMS symbols A
)
LaTeX Font Info:    Try loading font information for U+msb on input line 83.
 ("C:\Program Files\MiKTeX 2.9\tex\latex\amsfonts\umsb.fd"
File: umsb.fd 2013/01/14 v3.01 AMS symbols B
)
[1
Non-PDF special ignored!

{C:/Users/Charlie/AppData/Local/MiKTeX/2.9/pdftex/config/pdftex.map}]
<../Figure/intro.pdf, id=142, 505.89pt x 505.89pt>
File: ../Figure/intro.pdf Graphic file (type pdf)
 <use ../Figure/intro.pdf>
Package pdftex.def Info: ../Figure/intro.pdf used on input line 117.
(pdftex.def)             Requested size: 289.07999pt x 289.08589pt.


LaTeX Warning: `h' float specifier changed to `ht'.

[2] [3 <C:/Work/Applications/GitHub/Multiscale-Network-Test/Figure/intro.pdf>] [4] [5] [6] [7]
<../Figure/pmat.png, id=269, 481.8pt x 481.8pt>
File: ../Figure/pmat.png Graphic file (type png)
 <use ../Figure/pmat.png>
Package pdftex.def Info: ../Figure/pmat.png used on input line 227.
(pdftex.def)             Requested size: 166.2212pt x 166.22118pt.

<../Figure/Amat.png, id=271, 481.8pt x 481.8pt>
File: ../Figure/Amat.png Graphic file (type png)
 <use ../Figure/Amat.png>
Package pdftex.def Info: ../Figure/Amat.png used on input line 228.
(pdftex.def)             Requested size: 166.2212pt x 166.22118pt.

<../Figure/Tmat.png, id=272, 481.8pt x 481.8pt>
File: ../Figure/Tmat.png Graphic file (type png)
 <use ../Figure/Tmat.png>
Package pdftex.def Info: ../Figure/Tmat.png used on input line 229.
(pdftex.def)             Requested size: 166.2212pt x 166.22118pt.
 <../Figure/Dx1.png, id=278, 481.8pt x 481.8pt>
File: ../Figure/Dx1.png Graphic file (type png)

<use ../Figure/Dx1.png>
Package pdftex.def Info: ../Figure/Dx1.png used on input line 238.
(pdftex.def)             Requested size: 108.405pt x 108.40031pt.
 <../Figure/Dx2.png, id=279, 481.8pt x 481.8pt>
File: ../Figure/Dx2.png Graphic file (type png)
 <use ../Figure/Dx2.png>
Package pdftex.def Info: ../Figure/Dx2.png used on input line 239.
(pdftex.def)             Requested size: 108.405pt x 108.40031pt.

<../Figure/Dx5.png, id=280, 481.8pt x 481.8pt>
File: ../Figure/Dx5.png Graphic file (type png)
 <use ../Figure/Dx5.png>
Package pdftex.def Info: ../Figure/Dx5.png used on input line 240.
(pdftex.def)             Requested size: 108.405pt x 108.40031pt.
 <../Figure/Dx50.png, id=281, 481.8pt x 481.8pt>
File: ../Figure/Dx50.png Graphic file (type png)

<use ../Figure/Dx50.png>
Package pdftex.def Info: ../Figure/Dx50.png used on input line 241.
(pdftex.def)             Requested size: 108.405pt x 108.40031pt.
 [8 <C:/Work/Applications/GitHub/Multiscale-Network-Test/Figure/pmat.png> <C:/Work/Applications/GitHub/Multiscale-Networ
k-Test/Figure/Amat.png> <C:/Work/Applications/GitHub/Multiscale-Network-Test/Figure/Tmat.png>]
[9 <C:/Work/Applications/GitHub/Multiscale-Network-Test/Figure/Dx1.png> <C:/Work/Applications/GitHub/Multiscale-Network-
Test/Figure/Dx2.png> <C:/Work/Applications/GitHub/Multiscale-Network-Test/Figure/Dx5.png> <C:/Work/Applications/GitHub/M
ultiscale-Network-Test/Figure/Dx50.png>] [10] [11] [12] [13] [14] [15]

LaTeX Font Warning: Command \small invalid in math mode on input line 410.

[16]
LaTeX Font Info:    Calculating math sizes for size <> on input line 417.


LaTeX Font Warning: Font shape `OT1/cmr/m/n' in size <> not available
(Font)              size <5> substituted on input line 417.


LaTeX Font Warning: Font shape `OT1/cmr/m/n' in size <0.7> not available
(Font)              size <5> substituted on input line 417.


LaTeX Font Warning: Font shape `OT1/cmr/m/n' in size <0.5> not available
(Font)              size <5> substituted on input line 417.


LaTeX Font Warning: Font shape `OML/cmm/m/it' in size <> not available
(Font)              size <5> substituted on input line 417.


LaTeX Font Warning: Font shape `OML/cmm/m/it' in size <0.7> not available
(Font)              size <5> substituted on input line 417.


LaTeX Font Warning: Font shape `OML/cmm/m/it' in size <0.5> not available
(Font)              size <5> substituted on input line 417.


LaTeX Font Warning: Font shape `OMS/cmsy/m/n' in size <> not available
(Font)              size <5> substituted on input line 417.


LaTeX Font Warning: Font shape `OMS/cmsy/m/n' in size <0.7> not available
(Font)              size <5> substituted on input line 417.


LaTeX Font Warning: Font shape `OMS/cmsy/m/n' in size <0.5> not available
(Font)              size <5> substituted on input line 417.


LaTeX Font Warning: Font shape `OT1/cmr/bx/n' in size <> not available
(Font)              size <5> substituted on input line 417.


LaTeX Font Warning: Font shape `OT1/cmr/bx/n' in size <0.7> not available
(Font)              size <5> substituted on input line 417.


LaTeX Font Warning: Font shape `OT1/cmr/bx/n' in size <0.5> not available
(Font)              size <5> substituted on input line 417.

<../Figure/twoSBM.pdf, id=395, 505.89pt x 505.89pt>
File: ../Figure/twoSBM.pdf Graphic file (type pdf)
 <use ../Figure/twoSBM.pdf>
Package pdftex.def Info: ../Figure/twoSBM.pdf used on input line 423.
(pdftex.def)             Requested size: 166.2212pt x 166.2186pt.

<../Figure/EtwoSBM.pdf, id=396, 505.89pt x 505.89pt>
File: ../Figure/EtwoSBM.pdf Graphic file (type pdf)
 <use ../Figure/EtwoSBM.pdf>
Package pdftex.def Info: ../Figure/EtwoSBM.pdf used on input line 424.
(pdftex.def)             Requested size: 166.2212pt x 166.2186pt.

<../Figure/ftwoSBM.pdf, id=397, 505.89pt x 505.89pt>
File: ../Figure/ftwoSBM.pdf Graphic file (type pdf)
 <use ../Figure/ftwoSBM.pdf>
Package pdftex.def Info: ../Figure/ftwoSBM.pdf used on input line 425.
(pdftex.def)             Requested size: 166.2212pt x 166.2186pt.

<../Figure/twoSBM_power1.png, id=400, 481.8pt x 481.8pt>
File: ../Figure/twoSBM_power1.png Graphic file (type png)
 <use ../Figure/twoSBM_power1.png>
Package pdftex.def Info: ../Figure/twoSBM_power1.png used on input line 432.
(pdftex.def)             Requested size: 144.54pt x 144.53375pt.

<../Figure/twoSBM_power5.png, id=401, 481.8pt x 481.8pt>
File: ../Figure/twoSBM_power5.png Graphic file (type png)
 <use ../Figure/twoSBM_power5.png>
Package pdftex.def Info: ../Figure/twoSBM_power5.png used on input line 433.
(pdftex.def)             Requested size: 144.54pt x 144.53375pt.

<../Figure/twoSBM_power10.png, id=402, 481.8pt x 481.8pt>
File: ../Figure/twoSBM_power10.png Graphic file (type png)
 <use ../Figure/twoSBM_power10.png>
Package pdftex.def Info: ../Figure/twoSBM_power10.png used on input line 434.
(pdftex.def)             Requested size: 144.54pt x 144.53375pt.
 [17 <C:/Work/Applications/GitHub/Multiscale-Network-Test/Figure/twoSBM.pdf> <C:/Work/Applications/GitHub/Multiscale-Net
work-Test/Figure/EtwoSBM.pdf> <C:/Work/Applications/GitHub/Multiscale-Network-Test/Figure/ftwoSBM.pdf> <C:/Work/Applicat
ions/GitHub/Multiscale-Network-Test/Figure/twoSBM_power1.png> <C:/Work/Applications/GitHub/Multiscale-Network-Test/Figur
e/twoSBM_power5.png> <C:/Work/Applications/GitHub/Multiscale-Network-Test/Figure/twoSBM_power10.png>]

LaTeX Font Warning: Command \small invalid in math mode on input line 444.

<../Figure/ThreeSBM.pdf, id=434, 505.89pt x 505.89pt>
File: ../Figure/ThreeSBM.pdf Graphic file (type pdf)
 <use ../Figure/ThreeSBM.pdf>
Package pdftex.def Info: ../Figure/ThreeSBM.pdf used on input line 455.
(pdftex.def)             Requested size: 166.2212pt x 166.2186pt.

<../Figure/EThreeSBM.pdf, id=435, 505.89pt x 505.89pt>
File: ../Figure/EThreeSBM.pdf Graphic file (type pdf)
 <use ../Figure/EThreeSBM.pdf>
Package pdftex.def Info: ../Figure/EThreeSBM.pdf used on input line 456.
(pdftex.def)             Requested size: 166.2212pt x 166.2186pt.

<../Figure/fThreeSBM.pdf, id=436, 505.89pt x 505.89pt>
File: ../Figure/fThreeSBM.pdf Graphic file (type pdf)
 <use ../Figure/fThreeSBM.pdf>
Package pdftex.def Info: ../Figure/fThreeSBM.pdf used on input line 457.
(pdftex.def)             Requested size: 166.2212pt x 166.2186pt.

<../Figure/ThreeSBM_power1.png, id=439, 481.8pt x 481.8pt>
File: ../Figure/ThreeSBM_power1.png Graphic file (type png)
 <use ../Figure/ThreeSBM_power1.png>
Package pdftex.def Info: ../Figure/ThreeSBM_power1.png used on input line 464.
(pdftex.def)             Requested size: 144.54pt x 144.53375pt.

<../Figure/ThreeSBM_power5.png, id=440, 481.8pt x 481.8pt>
File: ../Figure/ThreeSBM_power5.png Graphic file (type png)
 <use ../Figure/ThreeSBM_power5.png>
Package pdftex.def Info: ../Figure/ThreeSBM_power5.png used on input line 465.
(pdftex.def)             Requested size: 144.54pt x 144.53375pt.

<../Figure/ThreeSBM_power10.png, id=441, 481.8pt x 481.8pt>
File: ../Figure/ThreeSBM_power10.png Graphic file (type png)
 <use ../Figure/ThreeSBM_power10.png>
Package pdftex.def Info: ../Figure/ThreeSBM_power10.png used on input line 466.
(pdftex.def)             Requested size: 144.54pt x 144.53375pt.
 [18 <C:/Work/Applications/GitHub/Multiscale-Network-Test/Figure/ThreeSBM.pdf> <C:/Work/Applications/GitHub/Multiscale-N
etwork-Test/Figure/EThreeSBM.pdf> <C:/Work/Applications/GitHub/Multiscale-Network-Test/Figure/fThreeSBM.pdf>]

LaTeX Font Warning: Command \small invalid in math mode on input line 479.

<../Figure/dcSBM.pdf, id=472, 505.89pt x 505.89pt>
File: ../Figure/dcSBM.pdf Graphic file (type pdf)
 <use ../Figure/dcSBM.pdf>
Package pdftex.def Info: ../Figure/dcSBM.pdf used on input line 489.
(pdftex.def)             Requested size: 166.2212pt x 166.2186pt.

<../Figure/EdcSBM.pdf, id=473, 505.89pt x 505.89pt>
File: ../Figure/EdcSBM.pdf Graphic file (type pdf)
 <use ../Figure/EdcSBM.pdf>
Package pdftex.def Info: ../Figure/EdcSBM.pdf used on input line 490.
(pdftex.def)             Requested size: 166.2212pt x 166.2186pt.

<../Figure/fdcSBM.pdf, id=474, 505.89pt x 505.89pt>
File: ../Figure/fdcSBM.pdf Graphic file (type pdf)
 <use ../Figure/fdcSBM.pdf>
Package pdftex.def Info: ../Figure/fdcSBM.pdf used on input line 491.
(pdftex.def)             Requested size: 166.2212pt x 166.2186pt.
 [19 <C:/Work/Applications/GitHub/Multiscale-Network-Test/Figure/ThreeSBM_power1.png> <C:/Work/Applications/GitHub/Multi
scale-Network-Test/Figure/ThreeSBM_power5.png> <C:/Work/Applications/GitHub/Multiscale-Network-Test/Figure/ThreeSBM_powe
r10.png>]
<../Figure/ame.pdf, id=487, 505.89pt x 505.89pt>
File: ../Figure/ame.pdf Graphic file (type pdf)
 <use ../Figure/ame.pdf>
Package pdftex.def Info: ../Figure/ame.pdf used on input line 500.
(pdftex.def)             Requested size: 166.2212pt x 166.2186pt.

<../Figure/Eame.pdf, id=488, 505.89pt x 505.89pt>
File: ../Figure/Eame.pdf Graphic file (type pdf)
 <use ../Figure/Eame.pdf>
Package pdftex.def Info: ../Figure/Eame.pdf used on input line 501.
(pdftex.def)             Requested size: 166.2212pt x 166.2186pt.

<../Figure/fame.pdf, id=489, 505.89pt x 505.89pt>
File: ../Figure/fame.pdf Graphic file (type pdf)
 <use ../Figure/fame.pdf>
Package pdftex.def Info: ../Figure/fame.pdf used on input line 502.
(pdftex.def)             Requested size: 166.2212pt x 166.2186pt.


LaTeX Font Warning: Command \small invalid in math mode on input line 512.

[20 <C:/Work/Applications/GitHub/Multiscale-Network-Test/Figure/dcSBM.pdf> <C:/Work/Applications/GitHub/Multiscale-Netwo
rk-Test/Figure/EdcSBM.pdf> <C:/Work/Applications/GitHub/Multiscale-Network-Test/Figure/fdcSBM.pdf> <C:/Work/Applications
/GitHub/Multiscale-Network-Test/Figure/ame.pdf> <C:/Work/Applications/GitHub/Multiscale-Network-Test/Figure/Eame.pdf> <C
:/Work/Applications/GitHub/Multiscale-Network-Test/Figure/fame.pdf>]

LaTeX Warning: Reference `fit.ame' on page 21 undefined on input line 522.


LaTeX Font Warning: Command \small invalid in math mode on input line 531.

[21] <../Figure/brain1_x.pdf, id=548, 505.89pt x 505.89pt>
File: ../Figure/brain1_x.pdf Graphic file (type pdf)
 <use ../Figure/brain1_x.pdf>
Package pdftex.def Info: ../Figure/brain1_x.pdf used on input line 563.
(pdftex.def)             Requested size: 108.405pt x 108.40141pt.

<../Figure/brain1_y.pdf, id=549, 505.89pt x 505.89pt>
File: ../Figure/brain1_y.pdf Graphic file (type pdf)
 <use ../Figure/brain1_y.pdf>
Package pdftex.def Info: ../Figure/brain1_y.pdf used on input line 564.
(pdftex.def)             Requested size: 108.405pt x 108.40141pt.

<../Figure/brain1_z.pdf, id=550, 505.89pt x 505.89pt>
File: ../Figure/brain1_z.pdf Graphic file (type pdf)
 <use ../Figure/brain1_z.pdf>
Package pdftex.def Info: ../Figure/brain1_z.pdf used on input line 565.
(pdftex.def)             Requested size: 108.405pt x 108.40141pt.

<../Figure/brain1_weight.pdf, id=551, 505.89pt x 505.89pt>
File: ../Figure/brain1_weight.pdf Graphic file (type pdf)
 <use ../Figure/brain1_weight.pdf>
Package pdftex.def Info: ../Figure/brain1_weight.pdf used on input line 566.
(pdftex.def)             Requested size: 108.405pt x 108.40141pt.
 [22 <C:/Work/Applications/GitHub/Multiscale-Network-Test/Figure/brain1_x.pdf> <C:/Work/Applications/GitHub/Multiscale-N
etwork-Test/Figure/brain1_y.pdf> <C:/Work/Applications/GitHub/Multiscale-Network-Test/Figure/brain1_z.pdf> <C:/Work/Appl
ications/GitHub/Multiscale-Network-Test/Figure/brain1_weight.pdf>] [23]

LaTeX Font Warning: Command \small invalid in math mode on input line 591.

<../Figure/threeSBM_2.pdf, id=590, 505.89pt x 505.89pt>
File: ../Figure/threeSBM_2.pdf Graphic file (type pdf)
 <use ../Figure/threeSBM_2.pdf>
Package pdftex.def Info: ../Figure/threeSBM_2.pdf used on input line 601.
(pdftex.def)             Requested size: 216.81pt x 216.81056pt.

<../Figure/threeSBM_power1_2.png, id=591, 481.8pt x 481.8pt>
File: ../Figure/threeSBM_power1_2.png Graphic file (type png)
 <use ../Figure/threeSBM_power1_2.png>
Package pdftex.def Info: ../Figure/threeSBM_power1_2.png used on input line 602.
(pdftex.def)             Requested size: 144.54pt x 144.53375pt.

<../Figure/threeSBM_power5_2.png, id=592, 481.8pt x 481.8pt>
File: ../Figure/threeSBM_power5_2.png Graphic file (type png)
 <use ../Figure/threeSBM_power5_2.png>
Package pdftex.def Info: ../Figure/threeSBM_power5_2.png used on input line 603.
(pdftex.def)             Requested size: 144.54pt x 144.53375pt.
 [24 <C:/Work/Applications/GitHub/Multiscale-Network-Test/Figure/threeSBM_2.pdf> <C:/Work/Applications/GitHub/Multiscale
-Network-Test/Figure/threeSBM_power1_2.png> <C:/Work/Applications/GitHub/Multiscale-Network-Test/Figure/threeSBM_power5_
2.png>]
Package hyperref Info: bookmark level for unknown algorithm defaults to 0 on input line 613.
 [25] [26]
[27]
Underfull \hbox (badness 1803) in paragraph at lines 763--767
[]\OT1/cmr/m/n/12 When $\OML/cmm/m/it/12 i \OT1/cmr/m/n/12 = \OML/cmm/m/it/12 j$\OT1/cmr/m/n/12 , $\OML/cmm/m/it/12 P[] 
\OT1/cmr/m/n/12 = \OML/cmm/m/it/12 P[] \OT1/cmr/m/n/12 = 0$ for $\OML/cmm/m/it/12 i \OT1/cmr/m/n/12 = 1\OML/cmm/m/it/12 
; \OT1/cmr/m/n/12 2\OML/cmm/m/it/12 ; [] ; n$\OT1/cmr/m/n/12 . Thus, tran-si-tion prob-a-bil-
 []

[28] [29] [30] [31] (C:\Work\Applications\GitHub\Multiscale-Network-Test\Draft\MNT.bbl [32]
Missing character: There is no ‚ in font cmr12!
Missing character: There is no Ä in font cmr12!
Missing character: There is no ú in font cmr12!
Missing character: There is no ‚ in font cmr12!
Missing character: There is no Ä in font cmr12!
Missing character: There is no ù in font cmr12!
Missing character: There is no ‚ in font cmr12!
Missing character: There is no Ä in font cmr12!
Missing character: There is no ô in font cmr12!
 [33] [34]) [35]
LaTeX Font Info:    Font shape `OT1/cmtt/bx/n' in size <12> not available
(Font)              Font shape `OT1/cmtt/m/n' tried instead on input line 903.
Package atveryend Info: Empty hook `BeforeClearDocument' on input line 915.
 [36]
Package atveryend Info: Empty hook `AfterLastShipout' on input line 915.

(C:\Work\Applications\GitHub\Multiscale-Network-Test\Draft\MNT.aux)
Package atveryend Info: Executing hook `AtVeryEndDocument' on input line 915.
Package atveryend Info: Executing hook `AtEndAfterFileList' on input line 915.
Package rerunfilecheck Info: File `MNT.out' has not changed.
(rerunfilecheck)             Checksum: 59B7D252112DB6CDB7A5FFA9455A7950;1941.


LaTeX Font Warning: Size substitutions with differences
(Font)              up to 4.5pt have occurred.


LaTeX Warning: There were undefined references.


LaTeX Warning: There were multiply-defined labels.

Package atveryend Info: Empty hook `AtVeryVeryEnd' on input line 915.
 ) 
Here is how much of TeX's memory you used:
 10812 strings out of 493921
 162234 string characters out of 3147277
 249667 words of memory out of 3000000
 13745 multiletter control sequences out of 15000+200000
 22814 words of font info for 88 fonts, out of 3000000 for 9000
 841 hyphenation exceptions out of 8191
 36i,20n,43p,2135b,482s stack positions out of 5000i,500n,10000p,200000b,50000s
<C:/Program Files/MiKTeX 2.9/fonts/type1/public/amsfonts/cm/cmbx10.pfb><C:/Program Files/MiKTeX 2.9/fonts/type1/public
/amsfonts/cm/cmbx12.pfb><C:/Program Files/MiKTeX 2.9/fonts/type1/public/amsfonts/cm/cmbx8.pfb><C:/Program Files/MiKTeX 2
.9/fonts/type1/public/amsfonts/cm/cmbxti10.pfb><C:/Program Files/MiKTeX 2.9/fonts/type1/public/amsfonts/cm/cmex10.pfb><C
:/Program Files/MiKTeX 2.9/fonts/type1/public/amsfonts/cm/cmmi10.pfb><C:/Program Files/MiKTeX 2.9/fonts/type1/public/ams
fonts/cm/cmmi12.pfb><C:/Program Files/MiKTeX 2.9/fonts/type1/public/amsfonts/cm/cmmi6.pfb><C:/Program Files/MiKTeX 2.9/f
onts/type1/public/amsfonts/cm/cmmi8.pfb><C:/Program Files/MiKTeX 2.9/fonts/type1/public/amsfonts/cm/cmmib10.pfb><C:/Prog
ram Files/MiKTeX 2.9/fonts/type1/public/amsfonts/cmextra/cmmib8.pfb><C:/Program Files/MiKTeX 2.9/fonts/type1/public/amsf
onts/cm/cmr10.pfb><C:/Program Files/MiKTeX 2.9/fonts/type1/public/amsfonts/cm/cmr12.pfb><C:/Program Files/MiKTeX 2.9/fon
ts/type1/public/amsfonts/cm/cmr6.pfb><C:/Program Files/MiKTeX 2.9/fonts/type1/public/amsfonts/cm/cmr8.pfb><C:/Program Fi
les/MiKTeX 2.9/fonts/type1/public/amsfonts/cm/cmsy10.pfb><C:/Program Files/MiKTeX 2.9/fonts/type1/public/amsfonts/cm/cms
y6.pfb><C:/Program Files/MiKTeX 2.9/fonts/type1/public/amsfonts/cm/cmsy7.pfb><C:/Program Files/MiKTeX 2.9/fonts/type1/pu
blic/amsfonts/cm/cmsy8.pfb><C:/Program Files/MiKTeX 2.9/fonts/type1/public/amsfonts/cm/cmtcsc10.pfb><C:/Program Files/Mi
KTeX 2.9/fonts/type1/public/amsfonts/cm/cmti10.pfb><C:/Program Files/MiKTeX 2.9/fonts/type1/public/amsfonts/cm/cmti12.pf
b><C:/Program Files/MiKTeX 2.9/fonts/type1/public/amsfonts/cm/cmtt10.pfb><C:/Program Files/MiKTeX 2.9/fonts/type1/public
/amsfonts/cm/cmtt12.pfb><C:/Program Files/MiKTeX 2.9/fonts/type1/public/amsfonts/symbols/msbm10.pfb>
Output written on MNT.pdf (36 pages, 950797 bytes).
PDF statistics:
 814 PDF objects out of 1000 (max. 8388607)
 167 named destinations out of 1000 (max. 500000)
 366 words of extra memory for PDF output out of 10000 (max. 10000000)

